<?xml version="1.0" encoding="UTF-8"?>
<!-- Generated by org.testng.reporters.JUnitXMLReporter -->
<testsuite hostname="NghiaNguyen-PC" name="Default test" tests="4" failures="0" timestamp="14 Jun 2020 12:22:04 GMT" time="1.827" errors="0">
  <testcase name="verifyStatus" time="0.014" classname="DemoPackage.loadPosts"/>
  <testcase name="verifyResponseNotNull" time="0.001" classname="DemoPackage.loadPosts"/>
  <testcase name="verifyStructure" time="0.001" classname="DemoPackage.loadPosts"/>
  <testcase name="verifyPostTitle" time="0.001" classname="DemoPackage.loadPosts"/>
</testsuite> <!-- Default test -->
