<?xml version="1.0" encoding="UTF-8"?>
<testng-results skipped="0" failed="0" total="4" passed="4">
  <reporter-output>
  </reporter-output>
  <suite name="Default suite" duration-ms="1827" started-at="2020-06-14T12:22:02Z" finished-at="2020-06-14T12:22:04Z">
    <groups>
    </groups>
    <test name="Default test" duration-ms="1827" started-at="2020-06-14T12:22:02Z" finished-at="2020-06-14T12:22:04Z">
      <class name="DemoPackage.loadPosts">
        <test-method status="PASS" signature="loadPostbyId()[pri:0, instance:DemoPackage.loadPosts@15f2bb7]" name="loadPostbyId" is-config="true" duration-ms="1788" started-at="2020-06-14T19:22:02Z" finished-at="2020-06-14T19:22:04Z">
          <reporter-output>
          </reporter-output>
        </test-method> <!-- loadPostbyId -->
        <test-method status="PASS" signature="verifyStatus()[pri:0, instance:DemoPackage.loadPosts@15f2bb7]" name="verifyStatus" duration-ms="14" started-at="2020-06-14T19:22:04Z" finished-at="2020-06-14T19:22:04Z">
          <reporter-output>
          </reporter-output>
        </test-method> <!-- verifyStatus -->
        <test-method status="PASS" signature="verifyResponseNotNull()[pri:0, instance:DemoPackage.loadPosts@15f2bb7]" name="verifyResponseNotNull" duration-ms="1" started-at="2020-06-14T19:22:04Z" finished-at="2020-06-14T19:22:04Z">
          <reporter-output>
          </reporter-output>
        </test-method> <!-- verifyResponseNotNull -->
        <test-method status="PASS" signature="verifyStructure()[pri:0, instance:DemoPackage.loadPosts@15f2bb7]" name="verifyStructure" duration-ms="1" started-at="2020-06-14T19:22:04Z" finished-at="2020-06-14T19:22:04Z">
          <reporter-output>
          </reporter-output>
        </test-method> <!-- verifyStructure -->
        <test-method status="PASS" signature="verifyPostTitle()[pri:0, instance:DemoPackage.loadPosts@15f2bb7]" name="verifyPostTitle" duration-ms="1" started-at="2020-06-14T19:22:04Z" finished-at="2020-06-14T19:22:04Z">
          <reporter-output>
          </reporter-output>
        </test-method> <!-- verifyPostTitle -->
      </class> <!-- DemoPackage.loadPosts -->
    </test> <!-- Default test -->
  </suite> <!-- Default suite -->
</testng-results>
